-------------------------------------------------------------------------------
Test set: ar.edu.davinci.dvds20211cRomeroDaiana.DvDs20211cRomeroDaianaApplicationTests
-------------------------------------------------------------------------------
Tests run: 1, Failures: 0, Errors: 1, Skipped: 0, Time elapsed: 13.13 s <<< FAILURE! - in ar.edu.davinci.dvds20211cRomeroDaiana.DvDs20211cRomeroDaianaApplicationTests
contextLoads  Time elapsed: 0.002 s  <<< ERROR!
java.lang.IllegalStateException: Failed to load ApplicationContext
Caused by: org.springframework.beans.factory.UnsatisfiedDependencyException: Error creating bean with name 'clienteControllerRest': Unsatisfied dependency expressed through field 'mapper'; nested exception is org.springframework.beans.factory.BeanCreationException: Error creating bean with name 'mapper' defined in class path resource [ar/edu/davinci/dvds20211cRomeroDaiana/OrikaConfiguration.class]: Bean instantiation via factory method failed; nested exception is org.springframework.beans.BeanInstantiationException: Failed to instantiate [ma.glasnost.orika.MapperFacade]: Factory method 'mapper' threw exception; nested exception is java.lang.reflect.InaccessibleObjectException: Unable to make protected native java.lang.Object java.lang.Object.clone() throws java.lang.CloneNotSupportedException accessible: module java.base does not "opens java.lang" to unnamed module @6895a785
Caused by: org.springframework.beans.factory.BeanCreationException: Error creating bean with name 'mapper' defined in class path resource [ar/edu/davinci/dvds20211cRomeroDaiana/OrikaConfiguration.class]: Bean instantiation via factory method failed; nested exception is org.springframework.beans.BeanInstantiationException: Failed to instantiate [ma.glasnost.orika.MapperFacade]: Factory method 'mapper' threw exception; nested exception is java.lang.reflect.InaccessibleObjectException: Unable to make protected native java.lang.Object java.lang.Object.clone() throws java.lang.CloneNotSupportedException accessible: module java.base does not "opens java.lang" to unnamed module @6895a785
Caused by: org.springframework.beans.BeanInstantiationException: Failed to instantiate [ma.glasnost.orika.MapperFacade]: Factory method 'mapper' threw exception; nested exception is java.lang.reflect.InaccessibleObjectException: Unable to make protected native java.lang.Object java.lang.Object.clone() throws java.lang.CloneNotSupportedException accessible: module java.base does not "opens java.lang" to unnamed module @6895a785
Caused by: java.lang.reflect.InaccessibleObjectException: Unable to make protected native java.lang.Object java.lang.Object.clone() throws java.lang.CloneNotSupportedException accessible: module java.base does not "opens java.lang" to unnamed module @6895a785

